<?xml version="1.0" encoding="UTF-8"?>
<!-- Generated by org.testng.reporters.JUnitReportReporter -->
<testsuite skipped="0" hostname="nikolajs-iMac.local" name="Test1" tests="1" failures="0" timestamp="18 Dec 2019 13:40:24 GMT" time="1.423" errors="0">
  <testcase name="openGoogle" time="1.423" classname="Test1"/>
</testsuite> <!-- Test1 -->
