<?xml version="1.0" encoding="UTF-8"?>
<!-- Generated by org.testng.reporters.JUnitReportReporter -->
<testsuite skipped="0" hostname="nikolajs-iMac.local" name="Test1" tests="1" failures="0" timestamp="18 Dec 2019 13:36:31 GMT" time="0.791" errors="0">
  <testcase name="openGoogle" time="0.791" classname="Test1"/>
</testsuite> <!-- Test1 -->
